2025-10-24 12:27:31,246 - genaiStudio_app_database - INFO - ✅ API key is configured
2025-10-24 12:27:31,249 - genaiStudio_app_database - INFO - 📚 Course: STAT 350
2025-10-24 12:27:31,251 - genaiStudio_app_database - INFO - 🤖 Model: gpt-stat350
2025-10-24 12:27:31,253 - genaiStudio_app_database - INFO - 💾 Database: sqlite
2025-10-24 12:27:31,255 - genaiStudio_app_database - INFO - 📎 File upload: Enabled
2025-10-24 12:44:13,258 - genaiStudio_app_database - ERROR - Exception on / [GET]
Traceback (most recent call last):
  File "/home/treese/anaconda3/lib/python3.12/site-packages/flask/app.py", line 1455, in wsgi_app
    response = self.full_dispatch_request()
               ^^^^^^^^^^^^^^^^^^^^^^^^^^^^
  File "/home/treese/anaconda3/lib/python3.12/site-packages/flask/app.py", line 869, in full_dispatch_request
    rv = self.handle_user_exception(e)
         ^^^^^^^^^^^^^^^^^^^^^^^^^^^^^
  File "/home/treese/anaconda3/lib/python3.12/site-packages/flask_cors/extension.py", line 176, in wrapped_function
    return cors_after_request(app.make_response(f(*args, **kwargs)))
                                                ^^^^^^^^^^^^^^^^^^
  File "/home/treese/anaconda3/lib/python3.12/site-packages/flask/app.py", line 867, in full_dispatch_request
    rv = self.dispatch_request()
         ^^^^^^^^^^^^^^^^^^^^^^^
  File "/home/treese/anaconda3/lib/python3.12/site-packages/flask/app.py", line 852, in dispatch_request
    return self.ensure_sync(self.view_functions[rule.endpoint])(**view_args)
           ^^^^^^^^^^^^^^^^^^^^^^^^^^^^^^^^^^^^^^^^^^^^^^^^^^^^^^^^^^^^^^^^^
  File "/mnt/d/AI_Academy/GenAIStudio API/genaiStudio_app_database.py", line 444, in index
    return render_template('index.html', health_status=health, config=template_config)
           ^^^^^^^^^^^^^^^^^^^^^^^^^^^^^^^^^^^^^^^^^^^^^^^^^^^^^^^^^^^^^^^^^^^^^^^^^^^
  File "/home/treese/anaconda3/lib/python3.12/site-packages/flask/templating.py", line 151, in render_template
    template = app.jinja_env.get_or_select_template(template_name_or_list)
               ^^^^^^^^^^^^^^^^^^^^^^^^^^^^^^^^^^^^^^^^^^^^^^^^^^^^^^^^^^^
  File "/home/treese/anaconda3/lib/python3.12/site-packages/jinja2/environment.py", line 1084, in get_or_select_template
    return self.get_template(template_name_or_list, parent, globals)
           ^^^^^^^^^^^^^^^^^^^^^^^^^^^^^^^^^^^^^^^^^^^^^^^^^^^^^^^^^
  File "/home/treese/anaconda3/lib/python3.12/site-packages/jinja2/environment.py", line 1013, in get_template
    return self._load_template(name, globals)
           ^^^^^^^^^^^^^^^^^^^^^^^^^^^^^^^^^^
  File "/home/treese/anaconda3/lib/python3.12/site-packages/jinja2/environment.py", line 972, in _load_template
    template = self.loader.load(self, name, self.make_globals(globals))
               ^^^^^^^^^^^^^^^^^^^^^^^^^^^^^^^^^^^^^^^^^^^^^^^^^^^^^^^^
  File "/home/treese/anaconda3/lib/python3.12/site-packages/jinja2/loaders.py", line 126, in load
    source, filename, uptodate = self.get_source(environment, name)
                                 ^^^^^^^^^^^^^^^^^^^^^^^^^^^^^^^^^^
  File "/home/treese/anaconda3/lib/python3.12/site-packages/flask/templating.py", line 65, in get_source
    return self._get_source_fast(environment, template)
           ^^^^^^^^^^^^^^^^^^^^^^^^^^^^^^^^^^^^^^^^^^^^
  File "/home/treese/anaconda3/lib/python3.12/site-packages/flask/templating.py", line 99, in _get_source_fast
    raise TemplateNotFound(template)
jinja2.exceptions.TemplateNotFound: index.html
2025-10-24 12:44:13,305 - genaiStudio_app_database - ERROR - Internal server error: 500 Internal Server Error: The server encountered an internal error and was unable to complete your request. Either the server is overloaded or there is an error in the application.
2025-10-24 12:44:51,268 - genaiStudio_app_database - ERROR - Exception on / [GET]
Traceback (most recent call last):
  File "/home/treese/anaconda3/lib/python3.12/site-packages/flask/app.py", line 1455, in wsgi_app
    response = self.full_dispatch_request()
               ^^^^^^^^^^^^^^^^^^^^^^^^^^^^
  File "/home/treese/anaconda3/lib/python3.12/site-packages/flask/app.py", line 869, in full_dispatch_request
    rv = self.handle_user_exception(e)
         ^^^^^^^^^^^^^^^^^^^^^^^^^^^^^
  File "/home/treese/anaconda3/lib/python3.12/site-packages/flask_cors/extension.py", line 176, in wrapped_function
    return cors_after_request(app.make_response(f(*args, **kwargs)))
                                                ^^^^^^^^^^^^^^^^^^
  File "/home/treese/anaconda3/lib/python3.12/site-packages/flask/app.py", line 867, in full_dispatch_request
    rv = self.dispatch_request()
         ^^^^^^^^^^^^^^^^^^^^^^^
  File "/home/treese/anaconda3/lib/python3.12/site-packages/flask/app.py", line 852, in dispatch_request
    return self.ensure_sync(self.view_functions[rule.endpoint])(**view_args)
           ^^^^^^^^^^^^^^^^^^^^^^^^^^^^^^^^^^^^^^^^^^^^^^^^^^^^^^^^^^^^^^^^^
  File "/mnt/d/AI_Academy/GenAIStudio API/genaiStudio_app_database.py", line 444, in index
    return render_template('index.html', health_status=health, config=template_config)
           ^^^^^^^^^^^^^^^^^^^^^^^^^^^^^^^^^^^^^^^^^^^^^^^^^^^^^^^^^^^^^^^^^^^^^^^^^^^
  File "/home/treese/anaconda3/lib/python3.12/site-packages/flask/templating.py", line 151, in render_template
    template = app.jinja_env.get_or_select_template(template_name_or_list)
               ^^^^^^^^^^^^^^^^^^^^^^^^^^^^^^^^^^^^^^^^^^^^^^^^^^^^^^^^^^^
  File "/home/treese/anaconda3/lib/python3.12/site-packages/jinja2/environment.py", line 1084, in get_or_select_template
    return self.get_template(template_name_or_list, parent, globals)
           ^^^^^^^^^^^^^^^^^^^^^^^^^^^^^^^^^^^^^^^^^^^^^^^^^^^^^^^^^
  File "/home/treese/anaconda3/lib/python3.12/site-packages/jinja2/environment.py", line 1013, in get_template
    return self._load_template(name, globals)
           ^^^^^^^^^^^^^^^^^^^^^^^^^^^^^^^^^^
  File "/home/treese/anaconda3/lib/python3.12/site-packages/jinja2/environment.py", line 972, in _load_template
    template = self.loader.load(self, name, self.make_globals(globals))
               ^^^^^^^^^^^^^^^^^^^^^^^^^^^^^^^^^^^^^^^^^^^^^^^^^^^^^^^^
  File "/home/treese/anaconda3/lib/python3.12/site-packages/jinja2/loaders.py", line 126, in load
    source, filename, uptodate = self.get_source(environment, name)
                                 ^^^^^^^^^^^^^^^^^^^^^^^^^^^^^^^^^^
  File "/home/treese/anaconda3/lib/python3.12/site-packages/flask/templating.py", line 65, in get_source
    return self._get_source_fast(environment, template)
           ^^^^^^^^^^^^^^^^^^^^^^^^^^^^^^^^^^^^^^^^^^^^
  File "/home/treese/anaconda3/lib/python3.12/site-packages/flask/templating.py", line 99, in _get_source_fast
    raise TemplateNotFound(template)
jinja2.exceptions.TemplateNotFound: index.html
2025-10-24 12:44:51,271 - genaiStudio_app_database - ERROR - Internal server error: 500 Internal Server Error: The server encountered an internal error and was unable to complete your request. Either the server is overloaded or there is an error in the application.
2025-10-25 13:37:50,271 - genaiStudio_app_database - INFO - ✅ API key is configured
2025-10-25 13:37:50,272 - genaiStudio_app_database - INFO - 📚 Course: STAT 350
2025-10-25 13:37:50,273 - genaiStudio_app_database - INFO - 🤖 Model: gpt-stat350
2025-10-25 13:37:50,274 - genaiStudio_app_database - INFO - 💾 Database: sqlite
2025-10-25 13:37:50,274 - genaiStudio_app_database - INFO - 📎 File upload: Enabled
2025-10-25 13:38:32,790 - genaiStudio_app_database - INFO - Chat request received - Content-Type: application/json
2025-10-25 13:38:32,791 - genaiStudio_app_database - INFO - Request method: POST
2025-10-25 13:38:32,792 - genaiStudio_app_database - INFO - Attempting to parse JSON request
2025-10-25 13:38:32,792 - genaiStudio_app_database - INFO - Request data: b'{"conversation_id":null,"message":"Test"}'
2025-10-25 13:38:32,793 - genaiStudio_app_database - INFO - Request headers: {'Host': 'localhost:5000', 'Connection': 'keep-alive', 'Content-Length': '41', 'Sec-Ch-Ua-Platform': '"Windows"', 'User-Agent': 'Mozilla/5.0 (Windows NT 10.0; Win64; x64) AppleWebKit/537.36 (KHTML, like Gecko) Chrome/140.0.0.0 Safari/537.36 Norton/140.0.0.0', 'Sec-Ch-Ua': '"Chromium";v="140", "Not=A?Brand";v="24", "Norton Private Browser";v="140"', 'Dnt': '1', 'Content-Type': 'application/json', 'Sec-Ch-Ua-Mobile': '?0', 'Accept': '*/*', 'Origin': 'http://localhost:5000', 'Sec-Fetch-Site': 'same-origin', 'Sec-Fetch-Mode': 'cors', 'Sec-Fetch-Dest': 'empty', 'Referer': 'http://localhost:5000/', 'Accept-Encoding': 'gzip, deflate, br', 'Accept-Language': 'en,de;q=0.9', 'Cookie': 'session=eyJfcGVybWFuZW50Ijp0cnVlfQ.aP0LCw.iNWpHviXvcJ0xdHofDv_8hAl5xo'}
2025-10-25 13:38:32,794 - genaiStudio_app_database - INFO - Parsed JSON data: {'conversation_id': None, 'message': 'Test'}
2025-10-25 13:38:32,795 - genaiStudio_app_database - INFO - JSON request - conversation_id: None, message: Test
2025-10-25 13:38:32,826 - genaiStudio_app_database - INFO - Created new conversation: 25cf0c2a-2f83-42e7-b554-f1757481aa13
2025-10-25 13:38:32,867 - genaiStudio_app_database - ERROR - HTTP error from GenAI API: 405 Client Error: Method Not Allowed for url: https://genai.rcac.purdue.edu/v1/chat/completions
2025-10-25 13:39:48,513 - genaiStudio_app_database - INFO - ✅ API key is configured
2025-10-25 13:39:48,514 - genaiStudio_app_database - INFO - 📚 Course: STAT 350
2025-10-25 13:39:48,515 - genaiStudio_app_database - INFO - 🤖 Model: gpt-stat350
2025-10-25 13:39:48,515 - genaiStudio_app_database - INFO - 💾 Database: sqlite
2025-10-25 13:39:48,516 - genaiStudio_app_database - INFO - 📎 File upload: Enabled
2025-10-25 13:40:24,691 - genaiStudio_app_database - INFO - Chat request received - Content-Type: application/json
2025-10-25 13:40:24,692 - genaiStudio_app_database - INFO - Request method: POST
2025-10-25 13:40:24,693 - genaiStudio_app_database - INFO - Attempting to parse JSON request
2025-10-25 13:40:24,694 - genaiStudio_app_database - INFO - Request data: b'{"conversation_id":null,"message":"Test"}'
2025-10-25 13:40:24,695 - genaiStudio_app_database - INFO - Request headers: {'Host': 'localhost:5000', 'Connection': 'keep-alive', 'Content-Length': '41', 'Sec-Ch-Ua-Platform': '"Windows"', 'User-Agent': 'Mozilla/5.0 (Windows NT 10.0; Win64; x64) AppleWebKit/537.36 (KHTML, like Gecko) Chrome/140.0.0.0 Safari/537.36 Norton/140.0.0.0', 'Sec-Ch-Ua': '"Chromium";v="140", "Not=A?Brand";v="24", "Norton Private Browser";v="140"', 'Dnt': '1', 'Content-Type': 'application/json', 'Sec-Ch-Ua-Mobile': '?0', 'Accept': '*/*', 'Origin': 'http://localhost:5000', 'Sec-Fetch-Site': 'same-origin', 'Sec-Fetch-Mode': 'cors', 'Sec-Fetch-Dest': 'empty', 'Referer': 'http://localhost:5000/', 'Accept-Encoding': 'gzip, deflate, br', 'Accept-Language': 'en,de;q=0.9', 'Cookie': 'session=eyJfcGVybWFuZW50Ijp0cnVlfQ.aP0LhQ.Nn4dSa2pBbLPLmn_EW67vB1cAT4'}
2025-10-25 13:40:24,696 - genaiStudio_app_database - INFO - Parsed JSON data: {'conversation_id': None, 'message': 'Test'}
2025-10-25 13:40:24,696 - genaiStudio_app_database - INFO - JSON request - conversation_id: None, message: Test
2025-10-25 13:40:24,729 - genaiStudio_app_database - INFO - Created new conversation: 18e0ae94-89e1-45dc-9915-3e7d328d795a
2025-10-25 13:40:50,115 - genaiStudio_app_database - INFO - Chat request received - Content-Type: application/json
2025-10-25 13:40:50,116 - genaiStudio_app_database - INFO - Request method: POST
2025-10-25 13:40:50,117 - genaiStudio_app_database - INFO - Attempting to parse JSON request
2025-10-25 13:40:50,118 - genaiStudio_app_database - INFO - Request data: b'{"conversation_id":"18e0ae94-89e1-45dc-9915-3e7d328d795a","message":"Generate an abstraction image of the sole concepts of this course"}'
2025-10-25 13:40:50,119 - genaiStudio_app_database - INFO - Request headers: {'Host': 'localhost:5000', 'Connection': 'keep-alive', 'Content-Length': '136', 'Sec-Ch-Ua-Platform': '"Windows"', 'User-Agent': 'Mozilla/5.0 (Windows NT 10.0; Win64; x64) AppleWebKit/537.36 (KHTML, like Gecko) Chrome/140.0.0.0 Safari/537.36 Norton/140.0.0.0', 'Sec-Ch-Ua': '"Chromium";v="140", "Not=A?Brand";v="24", "Norton Private Browser";v="140"', 'Dnt': '1', 'Content-Type': 'application/json', 'Sec-Ch-Ua-Mobile': '?0', 'Accept': '*/*', 'Origin': 'http://localhost:5000', 'Sec-Fetch-Site': 'same-origin', 'Sec-Fetch-Mode': 'cors', 'Sec-Fetch-Dest': 'empty', 'Referer': 'http://localhost:5000/', 'Accept-Encoding': 'gzip, deflate, br', 'Accept-Language': 'en,de;q=0.9', 'Cookie': 'session=eyJfcGVybWFuZW50Ijp0cnVlfQ.aP0Liw.0jQ0dEHwykpqa7jVQNfmBRt3eWg'}
2025-10-25 13:40:50,120 - genaiStudio_app_database - INFO - Parsed JSON data: {'conversation_id': '18e0ae94-89e1-45dc-9915-3e7d328d795a', 'message': 'Generate an abstraction image of the sole concepts of this course'}
2025-10-25 13:40:50,121 - genaiStudio_app_database - INFO - JSON request - conversation_id: 18e0ae94-89e1-45dc-9915-3e7d328d795a, message: Generate an abstraction image of the sole concepts of this course
2025-10-25 13:41:17,514 - genaiStudio_app_database - INFO - Chat request received - Content-Type: application/json
2025-10-25 13:41:17,519 - genaiStudio_app_database - INFO - Request method: POST
2025-10-25 13:41:17,524 - genaiStudio_app_database - INFO - Attempting to parse JSON request
2025-10-25 13:41:17,529 - genaiStudio_app_database - INFO - Request data: b'{"conversation_id":"18e0ae94-89e1-45dc-9915-3e7d328d795a","message":"as a jpg"}'
2025-10-25 13:41:17,533 - genaiStudio_app_database - INFO - Request headers: {'Host': 'localhost:5000', 'Connection': 'keep-alive', 'Content-Length': '79', 'Sec-Ch-Ua-Platform': '"Windows"', 'User-Agent': 'Mozilla/5.0 (Windows NT 10.0; Win64; x64) AppleWebKit/537.36 (KHTML, like Gecko) Chrome/140.0.0.0 Safari/537.36 Norton/140.0.0.0', 'Sec-Ch-Ua': '"Chromium";v="140", "Not=A?Brand";v="24", "Norton Private Browser";v="140"', 'Dnt': '1', 'Content-Type': 'application/json', 'Sec-Ch-Ua-Mobile': '?0', 'Accept': '*/*', 'Origin': 'http://localhost:5000', 'Sec-Fetch-Site': 'same-origin', 'Sec-Fetch-Mode': 'cors', 'Sec-Fetch-Dest': 'empty', 'Referer': 'http://localhost:5000/', 'Accept-Encoding': 'gzip, deflate, br', 'Accept-Language': 'en,de;q=0.9', 'Cookie': 'session=eyJfcGVybWFuZW50Ijp0cnVlfQ.aP0Lrg.Ed7w2o1ZqvYonTLOSKzDPKNvG2A'}
2025-10-25 13:41:17,541 - genaiStudio_app_database - INFO - Parsed JSON data: {'conversation_id': '18e0ae94-89e1-45dc-9915-3e7d328d795a', 'message': 'as a jpg'}
2025-10-25 13:41:17,544 - genaiStudio_app_database - INFO - JSON request - conversation_id: 18e0ae94-89e1-45dc-9915-3e7d328d795a, message: as a jpg
2025-10-25 13:42:07,697 - genaiStudio_app_database - INFO - Chat request received - Content-Type: application/json
2025-10-25 13:42:07,698 - genaiStudio_app_database - INFO - Request method: POST
2025-10-25 13:42:07,699 - genaiStudio_app_database - INFO - Attempting to parse JSON request
2025-10-25 13:42:07,700 - genaiStudio_app_database - INFO - Request data: b'{"conversation_id":"18e0ae94-89e1-45dc-9915-3e7d328d795a","message":"cant you generate images?"}'
2025-10-25 13:42:07,701 - genaiStudio_app_database - INFO - Request headers: {'Host': 'localhost:5000', 'Connection': 'keep-alive', 'Content-Length': '96', 'Sec-Ch-Ua-Platform': '"Windows"', 'User-Agent': 'Mozilla/5.0 (Windows NT 10.0; Win64; x64) AppleWebKit/537.36 (KHTML, like Gecko) Chrome/140.0.0.0 Safari/537.36 Norton/140.0.0.0', 'Sec-Ch-Ua': '"Chromium";v="140", "Not=A?Brand";v="24", "Norton Private Browser";v="140"', 'Dnt': '1', 'Content-Type': 'application/json', 'Sec-Ch-Ua-Mobile': '?0', 'Accept': '*/*', 'Origin': 'http://localhost:5000', 'Sec-Fetch-Site': 'same-origin', 'Sec-Fetch-Mode': 'cors', 'Sec-Fetch-Dest': 'empty', 'Referer': 'http://localhost:5000/', 'Accept-Encoding': 'gzip, deflate, br', 'Accept-Language': 'en,de;q=0.9', 'Cookie': 'session=eyJfcGVybWFuZW50Ijp0cnVlfQ.aP0Lxw.0NiihUfbiOBOfroziUdRUbePJCo'}
2025-10-25 13:42:07,702 - genaiStudio_app_database - INFO - Parsed JSON data: {'conversation_id': '18e0ae94-89e1-45dc-9915-3e7d328d795a', 'message': 'cant you generate images?'}
2025-10-25 13:42:07,703 - genaiStudio_app_database - INFO - JSON request - conversation_id: 18e0ae94-89e1-45dc-9915-3e7d328d795a, message: cant you generate images?
2025-10-25 13:42:30,116 - genaiStudio_app_database - INFO - Chat request received - Content-Type: application/json
2025-10-25 13:42:30,117 - genaiStudio_app_database - INFO - Request method: POST
2025-10-25 13:42:30,119 - genaiStudio_app_database - INFO - Attempting to parse JSON request
2025-10-25 13:42:30,120 - genaiStudio_app_database - INFO - Request data: b'{"conversation_id":"18e0ae94-89e1-45dc-9915-3e7d328d795a","message":"a graphical representation of the CLT"}'
2025-10-25 13:42:30,121 - genaiStudio_app_database - INFO - Request headers: {'Host': 'localhost:5000', 'Connection': 'keep-alive', 'Content-Length': '108', 'Sec-Ch-Ua-Platform': '"Windows"', 'User-Agent': 'Mozilla/5.0 (Windows NT 10.0; Win64; x64) AppleWebKit/537.36 (KHTML, like Gecko) Chrome/140.0.0.0 Safari/537.36 Norton/140.0.0.0', 'Sec-Ch-Ua': '"Chromium";v="140", "Not=A?Brand";v="24", "Norton Private Browser";v="140"', 'Dnt': '1', 'Content-Type': 'application/json', 'Sec-Ch-Ua-Mobile': '?0', 'Accept': '*/*', 'Origin': 'http://localhost:5000', 'Sec-Fetch-Site': 'same-origin', 'Sec-Fetch-Mode': 'cors', 'Sec-Fetch-Dest': 'empty', 'Referer': 'http://localhost:5000/', 'Accept-Encoding': 'gzip, deflate, br', 'Accept-Language': 'en,de;q=0.9', 'Cookie': 'session=eyJfcGVybWFuZW50Ijp0cnVlfQ.aP0L8g.C4FivXbGKVSQzbTwml2SYHl3rcI'}
2025-10-25 13:42:30,121 - genaiStudio_app_database - INFO - Parsed JSON data: {'conversation_id': '18e0ae94-89e1-45dc-9915-3e7d328d795a', 'message': 'a graphical representation of the CLT'}
2025-10-25 13:42:30,122 - genaiStudio_app_database - INFO - JSON request - conversation_id: 18e0ae94-89e1-45dc-9915-3e7d328d795a, message: a graphical representation of the CLT
2025-10-25 13:42:53,461 - genaiStudio_app_database - INFO - Chat request received - Content-Type: application/json
2025-10-25 13:42:53,462 - genaiStudio_app_database - INFO - Request method: POST
2025-10-25 13:42:53,463 - genaiStudio_app_database - INFO - Attempting to parse JSON request
2025-10-25 13:42:53,464 - genaiStudio_app_database - INFO - Request data: b'{"conversation_id":"18e0ae94-89e1-45dc-9915-3e7d328d795a","message":"shape change as n grows"}'
2025-10-25 13:42:53,465 - genaiStudio_app_database - INFO - Request headers: {'Host': 'localhost:5000', 'Connection': 'keep-alive', 'Content-Length': '94', 'Sec-Ch-Ua-Platform': '"Windows"', 'User-Agent': 'Mozilla/5.0 (Windows NT 10.0; Win64; x64) AppleWebKit/537.36 (KHTML, like Gecko) Chrome/140.0.0.0 Safari/537.36 Norton/140.0.0.0', 'Sec-Ch-Ua': '"Chromium";v="140", "Not=A?Brand";v="24", "Norton Private Browser";v="140"', 'Dnt': '1', 'Content-Type': 'application/json', 'Sec-Ch-Ua-Mobile': '?0', 'Accept': '*/*', 'Origin': 'http://localhost:5000', 'Sec-Fetch-Site': 'same-origin', 'Sec-Fetch-Mode': 'cors', 'Sec-Fetch-Dest': 'empty', 'Referer': 'http://localhost:5000/', 'Accept-Encoding': 'gzip, deflate, br', 'Accept-Language': 'en,de;q=0.9', 'Cookie': 'session=eyJfcGVybWFuZW50Ijp0cnVlfQ.aP0MCg.loabROnCjrvgG_XB72N0b--MAic'}
2025-10-25 13:42:53,465 - genaiStudio_app_database - INFO - Parsed JSON data: {'conversation_id': '18e0ae94-89e1-45dc-9915-3e7d328d795a', 'message': 'shape change as n grows'}
2025-10-25 13:42:53,466 - genaiStudio_app_database - INFO - JSON request - conversation_id: 18e0ae94-89e1-45dc-9915-3e7d328d795a, message: shape change as n grows
2025-10-25 13:43:34,739 - genaiStudio_app_database - INFO - Chat request received - Content-Type: multipart/form-data; boundary=----WebKitFormBoundaryNElIN5Ga6fVzpsDi
2025-10-25 13:43:34,741 - genaiStudio_app_database - INFO - Request method: POST
2025-10-25 13:43:34,743 - genaiStudio_app_database - INFO - Multipart request - conversation_id: 18e0ae94-89e1-45dc-9915-3e7d328d795a, message length: 34
2025-10-25 13:43:42,501 - genaiStudio_app_database - ERROR - HTTP error from GenAI API: 400 Client Error: Bad Request for url: https://genai.rcac.purdue.edu/api/chat/completions
2025-10-25 13:44:43,716 - genaiStudio_app_database - INFO - ✅ API key is configured
2025-10-25 13:44:43,717 - genaiStudio_app_database - INFO - 📚 Course: STAT 350
2025-10-25 13:44:43,719 - genaiStudio_app_database - INFO - 🤖 Model: gpt-stat350
2025-10-25 13:44:43,720 - genaiStudio_app_database - INFO - 💾 Database: sqlite
2025-10-25 13:44:43,722 - genaiStudio_app_database - INFO - 📎 File upload: Disabled
2025-10-25 13:48:50,369 - genaiStudio_app_database - INFO - Chat request received - Content-Type: application/json
2025-10-25 13:48:50,370 - genaiStudio_app_database - INFO - Request method: POST
2025-10-25 13:48:50,371 - genaiStudio_app_database - INFO - Attempting to parse JSON request
2025-10-25 13:48:50,372 - genaiStudio_app_database - INFO - Request data: b'{"conversation_id":null,"message":"Test"}'
2025-10-25 13:48:50,373 - genaiStudio_app_database - INFO - Request headers: {'Host': 'localhost:5000', 'Connection': 'keep-alive', 'Content-Length': '41', 'Sec-Ch-Ua-Platform': '"Windows"', 'User-Agent': 'Mozilla/5.0 (Windows NT 10.0; Win64; x64) AppleWebKit/537.36 (KHTML, like Gecko) Chrome/140.0.0.0 Safari/537.36 Norton/140.0.0.0', 'Sec-Ch-Ua': '"Chromium";v="140", "Not=A?Brand";v="24", "Norton Private Browser";v="140"', 'Dnt': '1', 'Content-Type': 'application/json', 'Sec-Ch-Ua-Mobile': '?0', 'Accept': '*/*', 'Origin': 'http://localhost:5000', 'Sec-Fetch-Site': 'same-origin', 'Sec-Fetch-Mode': 'cors', 'Sec-Fetch-Dest': 'empty', 'Referer': 'http://localhost:5000/', 'Accept-Encoding': 'gzip, deflate, br', 'Accept-Language': 'en,de;q=0.9', 'Cookie': 'session=eyJfcGVybWFuZW50Ijp0cnVlfQ.aP0Ndg.N2FhnpI5xAv7nSHzraDthjyIHAA'}
2025-10-25 13:48:50,374 - genaiStudio_app_database - INFO - Parsed JSON data: {'conversation_id': None, 'message': 'Test'}
2025-10-25 13:48:50,375 - genaiStudio_app_database - INFO - JSON request - conversation_id: None, message: Test
2025-10-25 13:48:50,566 - genaiStudio_app_database - INFO - Created new conversation: 9b2afb58-022a-4f91-9433-044f6047851a
2025-10-25 13:49:31,521 - genaiStudio_app_database - INFO - ✅ API key is configured
2025-10-25 13:49:31,522 - genaiStudio_app_database - INFO - 📚 Course: STAT 350
2025-10-25 13:49:31,523 - genaiStudio_app_database - INFO - 🤖 Model: gpt-stat350
2025-10-25 13:49:31,523 - genaiStudio_app_database - INFO - 💾 Database: sqlite
2025-10-25 13:49:31,524 - genaiStudio_app_database - INFO - 📎 File upload: Enabled
2025-10-25 13:54:04,207 - genaiStudio_app_database - INFO - Chat request received - Content-Type: multipart/form-data; boundary=----WebKitFormBoundaryrb8ESNP14M9SxX0X
2025-10-25 13:54:04,208 - genaiStudio_app_database - INFO - Request method: POST
2025-10-25 13:54:04,211 - genaiStudio_app_database - INFO - Multipart request - conversation_id: , message length: 24
2025-10-25 13:54:04,212 - genaiStudio_app_database - INFO - Processing 1 uploaded file(s)
2025-10-25 13:54:04,381 - genaiStudio_app_database - INFO - Processing file: Worksheet_6.pdf
2025-10-25 13:54:04,510 - genaiStudio_app_database - INFO - Extracted 12924 characters from Worksheet_6.pdf
2025-10-25 13:54:04,515 - genaiStudio_app_database - INFO - Total message length with files: 12973 characters
2025-10-25 13:54:04,544 - genaiStudio_app_database - INFO - Created new conversation: d6be74a7-c88b-4f02-9a4e-eb9a04d3ef14
2025-10-25 13:54:04,572 - genaiStudio_app_database - INFO - Sending 1 messages to API, total chars in last message: 12973
2025-10-25 13:55:03,471 - genaiStudio_app_database - INFO - Chat request received - Content-Type: application/json
2025-10-25 13:55:03,472 - genaiStudio_app_database - INFO - Request method: POST
2025-10-25 13:55:03,474 - genaiStudio_app_database - INFO - Attempting to parse JSON request
2025-10-25 13:55:03,475 - genaiStudio_app_database - INFO - Request data: b'{"conversation_id":"d6be74a7-c88b-4f02-9a4e-eb9a04d3ef14","message":"what course lecture material discusses this? Links?"}'
2025-10-25 13:55:03,476 - genaiStudio_app_database - INFO - Request headers: {'Host': 'localhost:5000', 'Connection': 'keep-alive', 'Content-Length': '122', 'Sec-Ch-Ua-Platform': '"Windows"', 'User-Agent': 'Mozilla/5.0 (Windows NT 10.0; Win64; x64) AppleWebKit/537.36 (KHTML, like Gecko) Chrome/140.0.0.0 Safari/537.36 Norton/140.0.0.0', 'Sec-Ch-Ua': '"Chromium";v="140", "Not=A?Brand";v="24", "Norton Private Browser";v="140"', 'Dnt': '1', 'Content-Type': 'application/json', 'Sec-Ch-Ua-Mobile': '?0', 'Accept': '*/*', 'Origin': 'http://localhost:5000', 'Sec-Fetch-Site': 'same-origin', 'Sec-Fetch-Mode': 'cors', 'Sec-Fetch-Dest': 'empty', 'Referer': 'http://localhost:5000/', 'Accept-Encoding': 'gzip, deflate, br', 'Accept-Language': 'en,de;q=0.9', 'Cookie': 'session=eyJfcGVybWFuZW50Ijp0cnVlfQ.aP0Oxg.dnBswTjrWsGwnS0T7pYluCRiQc0'}
2025-10-25 13:55:03,477 - genaiStudio_app_database - INFO - Parsed JSON data: {'conversation_id': 'd6be74a7-c88b-4f02-9a4e-eb9a04d3ef14', 'message': 'what course lecture material discusses this? Links?'}
2025-10-25 13:55:03,477 - genaiStudio_app_database - INFO - JSON request - conversation_id: d6be74a7-c88b-4f02-9a4e-eb9a04d3ef14, message: what course lecture material discusses this? Links?
2025-10-25 13:55:03,509 - genaiStudio_app_database - INFO - Sending 3 messages to API, total chars in last message: 51
2025-10-25 13:55:52,546 - genaiStudio_app_database - INFO - Chat request received - Content-Type: application/json
2025-10-25 13:55:52,547 - genaiStudio_app_database - INFO - Request method: POST
2025-10-25 13:55:52,548 - genaiStudio_app_database - INFO - Attempting to parse JSON request
2025-10-25 13:55:52,550 - genaiStudio_app_database - INFO - Request data: b'{"conversation_id":"d6be74a7-c88b-4f02-9a4e-eb9a04d3ef14","message":"Flipped"}'
2025-10-25 13:55:52,550 - genaiStudio_app_database - INFO - Request headers: {'Host': 'localhost:5000', 'Connection': 'keep-alive', 'Content-Length': '78', 'Sec-Ch-Ua-Platform': '"Windows"', 'User-Agent': 'Mozilla/5.0 (Windows NT 10.0; Win64; x64) AppleWebKit/537.36 (KHTML, like Gecko) Chrome/140.0.0.0 Safari/537.36 Norton/140.0.0.0', 'Sec-Ch-Ua': '"Chromium";v="140", "Not=A?Brand";v="24", "Norton Private Browser";v="140"', 'Dnt': '1', 'Content-Type': 'application/json', 'Sec-Ch-Ua-Mobile': '?0', 'Accept': '*/*', 'Origin': 'http://localhost:5000', 'Sec-Fetch-Site': 'same-origin', 'Sec-Fetch-Mode': 'cors', 'Sec-Fetch-Dest': 'empty', 'Referer': 'http://localhost:5000/', 'Accept-Encoding': 'gzip, deflate, br', 'Accept-Language': 'en,de;q=0.9', 'Cookie': 'session=eyJfcGVybWFuZW50Ijp0cnVlfQ.aP0O_A.j6bUgxxHJUpg3mm59CQFySBSTyo'}
2025-10-25 13:55:52,552 - genaiStudio_app_database - INFO - Parsed JSON data: {'conversation_id': 'd6be74a7-c88b-4f02-9a4e-eb9a04d3ef14', 'message': 'Flipped'}
2025-10-25 13:55:52,552 - genaiStudio_app_database - INFO - JSON request - conversation_id: d6be74a7-c88b-4f02-9a4e-eb9a04d3ef14, message: Flipped
2025-10-25 13:55:52,581 - genaiStudio_app_database - INFO - Sending 5 messages to API, total chars in last message: 7
2025-10-25 14:06:20,565 - genaiStudio_app_database - INFO - Chat request received - Content-Type: application/json
2025-10-25 14:06:20,568 - genaiStudio_app_database - INFO - Request method: POST
2025-10-25 14:06:20,571 - genaiStudio_app_database - INFO - Attempting to parse JSON request
2025-10-25 14:06:20,575 - genaiStudio_app_database - INFO - Request data: b'{"conversation_id":null,"message":"What is your primary function?"}'
2025-10-25 14:06:20,577 - genaiStudio_app_database - INFO - Request headers: {'Host': 'localhost:5000', 'Connection': 'keep-alive', 'Content-Length': '67', 'Sec-Ch-Ua-Platform': '"Windows"', 'User-Agent': 'Mozilla/5.0 (Windows NT 10.0; Win64; x64) AppleWebKit/537.36 (KHTML, like Gecko) Chrome/140.0.0.0 Safari/537.36 Norton/140.0.0.0', 'Sec-Ch-Ua': '"Chromium";v="140", "Not=A?Brand";v="24", "Norton Private Browser";v="140"', 'Dnt': '1', 'Content-Type': 'application/json', 'Sec-Ch-Ua-Mobile': '?0', 'Accept': '*/*', 'Origin': 'http://localhost:5000', 'Sec-Fetch-Site': 'same-origin', 'Sec-Fetch-Mode': 'cors', 'Sec-Fetch-Dest': 'empty', 'Referer': 'http://localhost:5000/', 'Accept-Encoding': 'gzip, deflate, br', 'Accept-Language': 'en,de;q=0.9', 'Cookie': 'session=eyJfcGVybWFuZW50Ijp0cnVlfQ.aP0RlQ.fKe3bmC9yTKZ3DK3uVueyzq-uNU'}
2025-10-25 14:06:20,580 - genaiStudio_app_database - INFO - Parsed JSON data: {'conversation_id': None, 'message': 'What is your primary function?'}
2025-10-25 14:06:20,583 - genaiStudio_app_database - INFO - JSON request - conversation_id: None, message: What is your primary function?
2025-10-25 14:06:20,648 - genaiStudio_app_database - INFO - Created new conversation: 0f207b17-3bb6-435c-9817-188900ab5d87
2025-10-25 14:06:20,698 - genaiStudio_app_database - INFO - Sending 1 messages to API, total chars in last message: 30
2025-10-25 14:06:35,145 - genaiStudio_app_database - INFO - Chat request received - Content-Type: application/json
2025-10-25 14:06:35,146 - genaiStudio_app_database - INFO - Request method: POST
2025-10-25 14:06:35,147 - genaiStudio_app_database - INFO - Attempting to parse JSON request
2025-10-25 14:06:35,148 - genaiStudio_app_database - INFO - Request data: b'{"conversation_id":"0f207b17-3bb6-435c-9817-188900ab5d87","message":"How can I trust you?"}'
2025-10-25 14:06:35,149 - genaiStudio_app_database - INFO - Request headers: {'Host': 'localhost:5000', 'Connection': 'keep-alive', 'Content-Length': '91', 'Sec-Ch-Ua-Platform': '"Windows"', 'User-Agent': 'Mozilla/5.0 (Windows NT 10.0; Win64; x64) AppleWebKit/537.36 (KHTML, like Gecko) Chrome/140.0.0.0 Safari/537.36 Norton/140.0.0.0', 'Sec-Ch-Ua': '"Chromium";v="140", "Not=A?Brand";v="24", "Norton Private Browser";v="140"', 'Dnt': '1', 'Content-Type': 'application/json', 'Sec-Ch-Ua-Mobile': '?0', 'Accept': '*/*', 'Origin': 'http://localhost:5000', 'Sec-Fetch-Site': 'same-origin', 'Sec-Fetch-Mode': 'cors', 'Sec-Fetch-Dest': 'empty', 'Referer': 'http://localhost:5000/', 'Accept-Encoding': 'gzip, deflate, br', 'Accept-Language': 'en,de;q=0.9', 'Cookie': 'session=eyJfcGVybWFuZW50Ijp0cnVlfQ.aP0RoA.uAGfOjE0kXT7xOlIr6sZZZY14bI'}
2025-10-25 14:06:35,150 - genaiStudio_app_database - INFO - Parsed JSON data: {'conversation_id': '0f207b17-3bb6-435c-9817-188900ab5d87', 'message': 'How can I trust you?'}
2025-10-25 14:06:35,150 - genaiStudio_app_database - INFO - JSON request - conversation_id: 0f207b17-3bb6-435c-9817-188900ab5d87, message: How can I trust you?
2025-10-25 14:06:35,178 - genaiStudio_app_database - INFO - Sending 3 messages to API, total chars in last message: 20
2025-10-25 14:07:16,054 - genaiStudio_app_database - INFO - Chat request received - Content-Type: application/json
2025-10-25 14:07:16,056 - genaiStudio_app_database - INFO - Request method: POST
2025-10-25 14:07:16,057 - genaiStudio_app_database - INFO - Attempting to parse JSON request
2025-10-25 14:07:16,058 - genaiStudio_app_database - INFO - Request data: b'{"conversation_id":"0f207b17-3bb6-435c-9817-188900ab5d87","message":"I am not sure I understand the CLT it was presented without a mathemtical proof."}'
2025-10-25 14:07:16,059 - genaiStudio_app_database - INFO - Request headers: {'Host': 'localhost:5000', 'Connection': 'keep-alive', 'Content-Length': '151', 'Sec-Ch-Ua-Platform': '"Windows"', 'User-Agent': 'Mozilla/5.0 (Windows NT 10.0; Win64; x64) AppleWebKit/537.36 (KHTML, like Gecko) Chrome/140.0.0.0 Safari/537.36 Norton/140.0.0.0', 'Sec-Ch-Ua': '"Chromium";v="140", "Not=A?Brand";v="24", "Norton Private Browser";v="140"', 'Dnt': '1', 'Content-Type': 'application/json', 'Sec-Ch-Ua-Mobile': '?0', 'Accept': '*/*', 'Origin': 'http://localhost:5000', 'Sec-Fetch-Site': 'same-origin', 'Sec-Fetch-Mode': 'cors', 'Sec-Fetch-Dest': 'empty', 'Referer': 'http://localhost:5000/', 'Accept-Encoding': 'gzip, deflate, br', 'Accept-Language': 'en,de;q=0.9', 'Cookie': 'session=eyJfcGVybWFuZW50Ijp0cnVlfQ.aP0RrQ.Yl_vPPLPFNU-Cv0efc6RUeE_6Ek'}
2025-10-25 14:07:16,060 - genaiStudio_app_database - INFO - Parsed JSON data: {'conversation_id': '0f207b17-3bb6-435c-9817-188900ab5d87', 'message': 'I am not sure I understand the CLT it was presented without a mathemtical proof.'}
2025-10-25 14:07:16,061 - genaiStudio_app_database - INFO - JSON request - conversation_id: 0f207b17-3bb6-435c-9817-188900ab5d87, message: I am not sure I understand the CLT it was presented without a mathemtical proof.
2025-10-25 14:07:16,090 - genaiStudio_app_database - INFO - Sending 5 messages to API, total chars in last message: 80
2025-10-25 14:07:56,846 - genaiStudio_app_database - INFO - Chat request received - Content-Type: application/json
2025-10-25 14:07:56,847 - genaiStudio_app_database - INFO - Request method: POST
2025-10-25 14:07:56,848 - genaiStudio_app_database - INFO - Attempting to parse JSON request
2025-10-25 14:07:56,849 - genaiStudio_app_database - INFO - Request data: b'{"conversation_id":"0f207b17-3bb6-435c-9817-188900ab5d87","message":"I just dont understand what we mean by convergence to a distribution"}'
2025-10-25 14:07:56,849 - genaiStudio_app_database - INFO - Request headers: {'Host': 'localhost:5000', 'Connection': 'keep-alive', 'Content-Length': '139', 'Sec-Ch-Ua-Platform': '"Windows"', 'User-Agent': 'Mozilla/5.0 (Windows NT 10.0; Win64; x64) AppleWebKit/537.36 (KHTML, like Gecko) Chrome/140.0.0.0 Safari/537.36 Norton/140.0.0.0', 'Sec-Ch-Ua': '"Chromium";v="140", "Not=A?Brand";v="24", "Norton Private Browser";v="140"', 'Dnt': '1', 'Content-Type': 'application/json', 'Sec-Ch-Ua-Mobile': '?0', 'Accept': '*/*', 'Origin': 'http://localhost:5000', 'Sec-Fetch-Site': 'same-origin', 'Sec-Fetch-Mode': 'cors', 'Sec-Fetch-Dest': 'empty', 'Referer': 'http://localhost:5000/', 'Accept-Encoding': 'gzip, deflate, br', 'Accept-Language': 'en,de;q=0.9', 'Cookie': 'session=eyJfcGVybWFuZW50Ijp0cnVlfQ.aP0R2w.Y_jsyUJ9qiCajcaq_fbPU4E5-4M'}
2025-10-25 14:07:56,851 - genaiStudio_app_database - INFO - Parsed JSON data: {'conversation_id': '0f207b17-3bb6-435c-9817-188900ab5d87', 'message': 'I just dont understand what we mean by convergence to a distribution'}
2025-10-25 14:07:56,851 - genaiStudio_app_database - INFO - JSON request - conversation_id: 0f207b17-3bb6-435c-9817-188900ab5d87, message: I just dont understand what we mean by convergence to a distribution
2025-10-25 14:07:56,879 - genaiStudio_app_database - INFO - Sending 7 messages to API, total chars in last message: 68
2025-10-25 14:10:01,963 - genaiStudio_app_database - INFO - Chat request received - Content-Type: application/json
2025-10-25 14:10:01,964 - genaiStudio_app_database - INFO - Request method: POST
2025-10-25 14:10:01,965 - genaiStudio_app_database - INFO - Attempting to parse JSON request
2025-10-25 14:10:01,965 - genaiStudio_app_database - INFO - Request data: b'{"conversation_id":"0f207b17-3bb6-435c-9817-188900ab5d87","message":"can you derive the proof?"}'
2025-10-25 14:10:01,966 - genaiStudio_app_database - INFO - Request headers: {'Host': 'localhost:5000', 'Connection': 'keep-alive', 'Content-Length': '96', 'Sec-Ch-Ua-Platform': '"Windows"', 'User-Agent': 'Mozilla/5.0 (Windows NT 10.0; Win64; x64) AppleWebKit/537.36 (KHTML, like Gecko) Chrome/140.0.0.0 Safari/537.36 Norton/140.0.0.0', 'Sec-Ch-Ua': '"Chromium";v="140", "Not=A?Brand";v="24", "Norton Private Browser";v="140"', 'Dnt': '1', 'Content-Type': 'application/json', 'Sec-Ch-Ua-Mobile': '?0', 'Accept': '*/*', 'Origin': 'http://localhost:5000', 'Sec-Fetch-Site': 'same-origin', 'Sec-Fetch-Mode': 'cors', 'Sec-Fetch-Dest': 'empty', 'Referer': 'http://localhost:5000/', 'Accept-Encoding': 'gzip, deflate, br', 'Accept-Language': 'en,de;q=0.9', 'Cookie': 'session=eyJfcGVybWFuZW50Ijp0cnVlfQ.aP0SBA.BsDibkOTGv4m6ggvOj6YfvZsFtg'}
2025-10-25 14:10:01,967 - genaiStudio_app_database - INFO - Parsed JSON data: {'conversation_id': '0f207b17-3bb6-435c-9817-188900ab5d87', 'message': 'can you derive the proof?'}
2025-10-25 14:10:01,968 - genaiStudio_app_database - INFO - JSON request - conversation_id: 0f207b17-3bb6-435c-9817-188900ab5d87, message: can you derive the proof?
2025-10-25 14:10:02,144 - genaiStudio_app_database - INFO - Sending 9 messages to API, total chars in last message: 25
2025-10-25 14:23:02,170 - genaiStudio_app_database - WARNING - No API key configured! Set GENAI_API_KEY environment variable.
2025-10-25 14:23:04,681 - genaiStudio_app_database - WARNING - No API key configured! Set GENAI_API_KEY environment variable.
2025-10-25 14:24:06,491 - genaiStudio_app_database - INFO - Chat request received - Content-Type: application/json
2025-10-25 14:24:06,492 - genaiStudio_app_database - INFO - Request method: POST
2025-10-25 14:24:06,493 - genaiStudio_app_database - INFO - Attempting to parse JSON request
2025-10-25 14:24:06,493 - genaiStudio_app_database - INFO - Request data: b'{"conversation_id":null,"message":"Test"}'
2025-10-25 14:24:06,494 - genaiStudio_app_database - INFO - Request headers: {'Host': 'localhost:5000', 'Connection': 'keep-alive', 'Content-Length': '41', 'Sec-Ch-Ua-Platform': '"Windows"', 'User-Agent': 'Mozilla/5.0 (Windows NT 10.0; Win64; x64) AppleWebKit/537.36 (KHTML, like Gecko) Chrome/140.0.0.0 Safari/537.36 Norton/140.0.0.0', 'Sec-Ch-Ua': '"Chromium";v="140", "Not=A?Brand";v="24", "Norton Private Browser";v="140"', 'Dnt': '1', 'Content-Type': 'application/json', 'Sec-Ch-Ua-Mobile': '?0', 'Accept': '*/*', 'Origin': 'http://localhost:5000', 'Sec-Fetch-Site': 'same-origin', 'Sec-Fetch-Mode': 'cors', 'Sec-Fetch-Dest': 'empty', 'Referer': 'http://localhost:5000/', 'Accept-Encoding': 'gzip, deflate, br', 'Accept-Language': 'en,de;q=0.9', 'Cookie': 'session=eyJfcGVybWFuZW50Ijp0cnVlfQ.aP0Vwg.rdF9pEi2Sbnu2czoryEOSZQjIig'}
2025-10-25 14:24:06,495 - genaiStudio_app_database - INFO - Parsed JSON data: {'conversation_id': None, 'message': 'Test'}
2025-10-25 14:24:06,496 - genaiStudio_app_database - INFO - JSON request - conversation_id: None, message: Test
2025-10-25 14:24:06,527 - genaiStudio_app_database - INFO - Created new conversation: c8f5a32b-eb6c-4001-a341-aacf58315aee
2025-10-25 14:24:06,554 - genaiStudio_app_database - INFO - Sending 1 messages to API, total chars in last message: 4
2025-10-25 14:24:33,416 - genaiStudio_app_database - INFO - Chat request received - Content-Type: application/json
2025-10-25 14:24:33,417 - genaiStudio_app_database - INFO - Request method: POST
2025-10-25 14:24:33,418 - genaiStudio_app_database - INFO - Attempting to parse JSON request
2025-10-25 14:24:33,419 - genaiStudio_app_database - INFO - Request data: b'{"conversation_id":"c8f5a32b-eb6c-4001-a341-aacf58315aee","message":"generate a graphic to demonstrate how CIs work"}'
2025-10-25 14:24:33,420 - genaiStudio_app_database - INFO - Request headers: {'Host': 'localhost:5000', 'Connection': 'keep-alive', 'Content-Length': '117', 'Sec-Ch-Ua-Platform': '"Windows"', 'User-Agent': 'Mozilla/5.0 (Windows NT 10.0; Win64; x64) AppleWebKit/537.36 (KHTML, like Gecko) Chrome/140.0.0.0 Safari/537.36 Norton/140.0.0.0', 'Sec-Ch-Ua': '"Chromium";v="140", "Not=A?Brand";v="24", "Norton Private Browser";v="140"', 'Dnt': '1', 'Content-Type': 'application/json', 'Sec-Ch-Ua-Mobile': '?0', 'Accept': '*/*', 'Origin': 'http://localhost:5000', 'Sec-Fetch-Site': 'same-origin', 'Sec-Fetch-Mode': 'cors', 'Sec-Fetch-Dest': 'empty', 'Referer': 'http://localhost:5000/', 'Accept-Encoding': 'gzip, deflate, br', 'Accept-Language': 'en,de;q=0.9', 'Cookie': 'session=eyJfcGVybWFuZW50Ijp0cnVlfQ.aP0Vyg.JBAtTPL6LCFUKRAnnGzFL7pDjKU'}
2025-10-25 14:24:33,421 - genaiStudio_app_database - INFO - Parsed JSON data: {'conversation_id': 'c8f5a32b-eb6c-4001-a341-aacf58315aee', 'message': 'generate a graphic to demonstrate how CIs work'}
2025-10-25 14:24:33,422 - genaiStudio_app_database - INFO - JSON request - conversation_id: c8f5a32b-eb6c-4001-a341-aacf58315aee, message: generate a graphic to demonstrate how CIs work
2025-10-25 14:24:33,461 - genaiStudio_app_database - INFO - Sending 3 messages to API, total chars in last message: 46
2025-10-25 14:24:50,094 - genaiStudio_app_database - INFO - Chat request received - Content-Type: application/json
2025-10-25 14:24:50,095 - genaiStudio_app_database - INFO - Request method: POST
2025-10-25 14:24:50,095 - genaiStudio_app_database - INFO - Attempting to parse JSON request
2025-10-25 14:24:50,096 - genaiStudio_app_database - INFO - Request data: b'{"conversation_id":"c8f5a32b-eb6c-4001-a341-aacf58315aee","message":"This --> Do you want to show coverage\xe2\x80\x94how often a 95\xe2\x80\xaf% CI actually captures the true parameter when we repeat the experiment many times?"}'
2025-10-25 14:24:50,097 - genaiStudio_app_database - INFO - Request headers: {'Host': 'localhost:5000', 'Connection': 'keep-alive', 'Content-Length': '211', 'Sec-Ch-Ua-Platform': '"Windows"', 'User-Agent': 'Mozilla/5.0 (Windows NT 10.0; Win64; x64) AppleWebKit/537.36 (KHTML, like Gecko) Chrome/140.0.0.0 Safari/537.36 Norton/140.0.0.0', 'Sec-Ch-Ua': '"Chromium";v="140", "Not=A?Brand";v="24", "Norton Private Browser";v="140"', 'Dnt': '1', 'Content-Type': 'application/json', 'Sec-Ch-Ua-Mobile': '?0', 'Accept': '*/*', 'Origin': 'http://localhost:5000', 'Sec-Fetch-Site': 'same-origin', 'Sec-Fetch-Mode': 'cors', 'Sec-Fetch-Dest': 'empty', 'Referer': 'http://localhost:5000/', 'Accept-Encoding': 'gzip, deflate, br', 'Accept-Language': 'en,de;q=0.9', 'Cookie': 'session=eyJfcGVybWFuZW50Ijp0cnVlfQ.aP0V4w.pyPqPZryQBji24u_3g48HH7rwfM'}
2025-10-25 14:24:50,107 - genaiStudio_app_database - INFO - Parsed JSON data: {'conversation_id': 'c8f5a32b-eb6c-4001-a341-aacf58315aee', 'message': 'This --> Do you want to show coverage—how often a 95\u202f% CI actually captures the true parameter when we repeat the experiment many times?'}
2025-10-25 14:24:50,108 - genaiStudio_app_database - INFO - JSON request - conversation_id: c8f5a32b-eb6c-4001-a341-aacf58315aee, message: This --> Do you want to show coverage—how often a 95 % CI actually captures the true parameter when we repeat the experiment many times?
2025-10-25 14:24:50,140 - genaiStudio_app_database - INFO - Sending 5 messages to API, total chars in last message: 136
2025-10-25 14:28:28,413 - genaiStudio_app_database - INFO - Chat request received - Content-Type: application/json
2025-10-25 14:28:28,414 - genaiStudio_app_database - INFO - Request method: POST
2025-10-25 14:28:28,414 - genaiStudio_app_database - INFO - Attempting to parse JSON request
2025-10-25 14:28:28,416 - genaiStudio_app_database - INFO - Request data: b'{"conversation_id":null,"message":"Test"}'
2025-10-25 14:28:28,417 - genaiStudio_app_database - INFO - Request headers: {'Host': 'localhost:5000', 'Connection': 'keep-alive', 'Content-Length': '41', 'Sec-Ch-Ua-Platform': '"Windows"', 'User-Agent': 'Mozilla/5.0 (Windows NT 10.0; Win64; x64) AppleWebKit/537.36 (KHTML, like Gecko) Chrome/140.0.0.0 Safari/537.36 Norton/140.0.0.0', 'Sec-Ch-Ua': '"Chromium";v="140", "Not=A?Brand";v="24", "Norton Private Browser";v="140"', 'Dnt': '1', 'Content-Type': 'application/json', 'Sec-Ch-Ua-Mobile': '?0', 'Accept': '*/*', 'Origin': 'http://localhost:5000', 'Sec-Fetch-Site': 'same-origin', 'Sec-Fetch-Mode': 'cors', 'Sec-Fetch-Dest': 'empty', 'Referer': 'http://localhost:5000/', 'Accept-Encoding': 'gzip, deflate, br', 'Accept-Language': 'en,de;q=0.9', 'Cookie': 'session=eyJfcGVybWFuZW50Ijp0cnVlfQ.aP0WyQ.-whLxrzcczP_2rqpZZ008qjsMI0'}
2025-10-25 14:28:28,418 - genaiStudio_app_database - INFO - Parsed JSON data: {'conversation_id': None, 'message': 'Test'}
2025-10-25 14:28:28,418 - genaiStudio_app_database - INFO - JSON request - conversation_id: None, message: Test
2025-10-25 14:28:28,452 - genaiStudio_app_database - INFO - Created new conversation: 677a2b60-dc7c-4399-b847-141abea241b6
2025-10-25 14:28:28,480 - genaiStudio_app_database - INFO - Sending 1 messages to API, total chars in last message: 4
2025-10-25 14:30:38,758 - genaiStudio_app_database - INFO - Chat request received - Content-Type: application/json
2025-10-25 14:30:38,759 - genaiStudio_app_database - INFO - Request method: POST
2025-10-25 14:30:38,760 - genaiStudio_app_database - INFO - Attempting to parse JSON request
2025-10-25 14:30:38,761 - genaiStudio_app_database - INFO - Request data: b'{"conversation_id":null,"message":"What can you help me with?"}'
2025-10-25 14:30:38,761 - genaiStudio_app_database - INFO - Request headers: {'Host': 'localhost:5000', 'Connection': 'keep-alive', 'Content-Length': '63', 'Sec-Ch-Ua-Platform': '"Windows"', 'User-Agent': 'Mozilla/5.0 (Windows NT 10.0; Win64; x64) AppleWebKit/537.36 (KHTML, like Gecko) Chrome/140.0.0.0 Safari/537.36 Norton/140.0.0.0', 'Sec-Ch-Ua': '"Chromium";v="140", "Not=A?Brand";v="24", "Norton Private Browser";v="140"', 'Dnt': '1', 'Content-Type': 'application/json', 'Sec-Ch-Ua-Mobile': '?0', 'Accept': '*/*', 'Origin': 'http://localhost:5000', 'Sec-Fetch-Site': 'same-origin', 'Sec-Fetch-Mode': 'cors', 'Sec-Fetch-Dest': 'empty', 'Referer': 'http://localhost:5000/', 'Accept-Encoding': 'gzip, deflate, br', 'Accept-Language': 'en,de;q=0.9', 'Cookie': 'session=eyJfcGVybWFuZW50Ijp0cnVlfQ.aP0XRg.r0htbXH-kxYo4EVWeLmZ-2WoVtM'}
2025-10-25 14:30:38,762 - genaiStudio_app_database - INFO - Parsed JSON data: {'conversation_id': None, 'message': 'What can you help me with?'}
2025-10-25 14:30:38,763 - genaiStudio_app_database - INFO - JSON request - conversation_id: None, message: What can you help me with?
2025-10-25 14:30:38,941 - genaiStudio_app_database - INFO - Created new conversation: 764c9127-c87f-48e1-b39b-4fe9c7759cba
2025-10-25 14:30:38,969 - genaiStudio_app_database - INFO - Sending 1 messages to API, total chars in last message: 26
2025-10-25 14:30:45,795 - genaiStudio_app_database - INFO - Chat request received - Content-Type: application/json
2025-10-25 14:30:45,796 - genaiStudio_app_database - INFO - Request method: POST
2025-10-25 14:30:45,797 - genaiStudio_app_database - INFO - Attempting to parse JSON request
2025-10-25 14:30:45,798 - genaiStudio_app_database - INFO - Request data: b'{"conversation_id":"764c9127-c87f-48e1-b39b-4fe9c7759cba","message":"Flipped"}'
2025-10-25 14:30:45,799 - genaiStudio_app_database - INFO - Request headers: {'Host': 'localhost:5000', 'Connection': 'keep-alive', 'Content-Length': '78', 'Sec-Ch-Ua-Platform': '"Windows"', 'User-Agent': 'Mozilla/5.0 (Windows NT 10.0; Win64; x64) AppleWebKit/537.36 (KHTML, like Gecko) Chrome/140.0.0.0 Safari/537.36 Norton/140.0.0.0', 'Sec-Ch-Ua': '"Chromium";v="140", "Not=A?Brand";v="24", "Norton Private Browser";v="140"', 'Dnt': '1', 'Content-Type': 'application/json', 'Sec-Ch-Ua-Mobile': '?0', 'Accept': '*/*', 'Origin': 'http://localhost:5000', 'Sec-Fetch-Site': 'same-origin', 'Sec-Fetch-Mode': 'cors', 'Sec-Fetch-Dest': 'empty', 'Referer': 'http://localhost:5000/', 'Accept-Encoding': 'gzip, deflate, br', 'Accept-Language': 'en,de;q=0.9', 'Cookie': 'session=eyJfcGVybWFuZW50Ijp0cnVlfQ.aP0XUg.ReI7ri1tPfpIq4Xg2SWyK_D8Fuc'}
2025-10-25 14:30:45,800 - genaiStudio_app_database - INFO - Parsed JSON data: {'conversation_id': '764c9127-c87f-48e1-b39b-4fe9c7759cba', 'message': 'Flipped'}
2025-10-25 14:30:45,800 - genaiStudio_app_database - INFO - JSON request - conversation_id: 764c9127-c87f-48e1-b39b-4fe9c7759cba, message: Flipped
2025-10-25 14:30:45,837 - genaiStudio_app_database - INFO - Sending 3 messages to API, total chars in last message: 7
2025-10-25 14:32:35,267 - genaiStudio_app_database - INFO - Chat request received - Content-Type: application/json
2025-10-25 14:32:35,268 - genaiStudio_app_database - INFO - Request method: POST
2025-10-25 14:32:35,269 - genaiStudio_app_database - INFO - Attempting to parse JSON request
2025-10-25 14:32:35,270 - genaiStudio_app_database - INFO - Request data: b'{"conversation_id":null,"message":"Hello. What is your function?"}'
2025-10-25 14:32:35,271 - genaiStudio_app_database - INFO - Request headers: {'Host': 'localhost:5000', 'Connection': 'keep-alive', 'Content-Length': '66', 'Sec-Ch-Ua-Platform': '"Windows"', 'User-Agent': 'Mozilla/5.0 (Windows NT 10.0; Win64; x64) AppleWebKit/537.36 (KHTML, like Gecko) Chrome/140.0.0.0 Safari/537.36 Norton/140.0.0.0', 'Sec-Ch-Ua': '"Chromium";v="140", "Not=A?Brand";v="24", "Norton Private Browser";v="140"', 'Dnt': '1', 'Content-Type': 'application/json', 'Sec-Ch-Ua-Mobile': '?0', 'Accept': '*/*', 'Origin': 'http://localhost:5000', 'Sec-Fetch-Site': 'same-origin', 'Sec-Fetch-Mode': 'cors', 'Sec-Fetch-Dest': 'empty', 'Referer': 'http://localhost:5000/', 'Accept-Encoding': 'gzip, deflate, br', 'Accept-Language': 'en,de;q=0.9', 'Cookie': 'session=eyJfcGVybWFuZW50Ijp0cnVlfQ.aP0Xuw.-S6cUx9J5CXBNvjJrMXmq3PNkb4'}
2025-10-25 14:32:35,272 - genaiStudio_app_database - INFO - Parsed JSON data: {'conversation_id': None, 'message': 'Hello. What is your function?'}
2025-10-25 14:32:35,272 - genaiStudio_app_database - INFO - JSON request - conversation_id: None, message: Hello. What is your function?
2025-10-25 14:32:35,304 - genaiStudio_app_database - INFO - Created new conversation: d0b30e2e-de92-4224-b154-0a4f79f8f90c
2025-10-25 14:32:35,334 - genaiStudio_app_database - INFO - Sending 1 messages to API, total chars in last message: 29
2025-10-25 14:32:59,157 - genaiStudio_app_database - INFO - Chat request received - Content-Type: application/json
2025-10-25 14:32:59,158 - genaiStudio_app_database - INFO - Request method: POST
2025-10-25 14:32:59,159 - genaiStudio_app_database - INFO - Attempting to parse JSON request
2025-10-25 14:32:59,160 - genaiStudio_app_database - INFO - Request data: b'{"conversation_id":"d0b30e2e-de92-4224-b154-0a4f79f8f90c","message":"Can you help me with a specific topic? I am confused about CDFs."}'
2025-10-25 14:32:59,161 - genaiStudio_app_database - INFO - Request headers: {'Host': 'localhost:5000', 'Connection': 'keep-alive', 'Content-Length': '135', 'Sec-Ch-Ua-Platform': '"Windows"', 'User-Agent': 'Mozilla/5.0 (Windows NT 10.0; Win64; x64) AppleWebKit/537.36 (KHTML, like Gecko) Chrome/140.0.0.0 Safari/537.36 Norton/140.0.0.0', 'Sec-Ch-Ua': '"Chromium";v="140", "Not=A?Brand";v="24", "Norton Private Browser";v="140"', 'Dnt': '1', 'Content-Type': 'application/json', 'Sec-Ch-Ua-Mobile': '?0', 'Accept': '*/*', 'Origin': 'http://localhost:5000', 'Sec-Fetch-Site': 'same-origin', 'Sec-Fetch-Mode': 'cors', 'Sec-Fetch-Dest': 'empty', 'Referer': 'http://localhost:5000/', 'Accept-Encoding': 'gzip, deflate, br', 'Accept-Language': 'en,de;q=0.9', 'Cookie': 'session=eyJfcGVybWFuZW50Ijp0cnVlfQ.aP0Xxg.MJcVrymN_O44KFuYCl338415bIY'}
2025-10-25 14:32:59,161 - genaiStudio_app_database - INFO - Parsed JSON data: {'conversation_id': 'd0b30e2e-de92-4224-b154-0a4f79f8f90c', 'message': 'Can you help me with a specific topic? I am confused about CDFs.'}
2025-10-25 14:32:59,162 - genaiStudio_app_database - INFO - JSON request - conversation_id: d0b30e2e-de92-4224-b154-0a4f79f8f90c, message: Can you help me with a specific topic? I am confused about CDFs.
2025-10-25 14:32:59,201 - genaiStudio_app_database - INFO - Sending 3 messages to API, total chars in last message: 64
2025-10-25 14:36:02,288 - genaiStudio_app_database - INFO - Chat request received - Content-Type: application/json
2025-10-25 14:36:02,293 - genaiStudio_app_database - INFO - Request method: POST
2025-10-25 14:36:02,300 - genaiStudio_app_database - INFO - Attempting to parse JSON request
2025-10-25 14:36:02,304 - genaiStudio_app_database - INFO - Request data: b'{"conversation_id":null,"message":"Hi. How can you help me?"}'
2025-10-25 14:36:02,309 - genaiStudio_app_database - INFO - Request headers: {'Host': 'localhost:5000', 'Connection': 'keep-alive', 'Content-Length': '61', 'Sec-Ch-Ua-Platform': '"Windows"', 'User-Agent': 'Mozilla/5.0 (Windows NT 10.0; Win64; x64) AppleWebKit/537.36 (KHTML, like Gecko) Chrome/140.0.0.0 Safari/537.36 Norton/140.0.0.0', 'Sec-Ch-Ua': '"Chromium";v="140", "Not=A?Brand";v="24", "Norton Private Browser";v="140"', 'Dnt': '1', 'Content-Type': 'application/json', 'Sec-Ch-Ua-Mobile': '?0', 'Accept': '*/*', 'Origin': 'http://localhost:5000', 'Sec-Fetch-Site': 'same-origin', 'Sec-Fetch-Mode': 'cors', 'Sec-Fetch-Dest': 'empty', 'Referer': 'http://localhost:5000/', 'Accept-Encoding': 'gzip, deflate, br', 'Accept-Language': 'en,de;q=0.9', 'Cookie': 'session=eyJfcGVybWFuZW50Ijp0cnVlfQ.aP0YiA.CRZmx01TPqJry3hpHEJo_DCwRik'}
2025-10-25 14:36:02,314 - genaiStudio_app_database - INFO - Parsed JSON data: {'conversation_id': None, 'message': 'Hi. How can you help me?'}
2025-10-25 14:36:02,317 - genaiStudio_app_database - INFO - JSON request - conversation_id: None, message: Hi. How can you help me?
2025-10-25 14:36:02,358 - genaiStudio_app_database - INFO - Created new conversation: 8e2f16b6-a157-4308-b268-c856ba54e028
2025-10-25 14:36:02,389 - genaiStudio_app_database - INFO - Sending 1 messages to API, total chars in last message: 24
2025-10-25 14:36:14,080 - genaiStudio_app_database - INFO - Chat request received - Content-Type: application/json
2025-10-25 14:36:14,081 - genaiStudio_app_database - INFO - Request method: POST
2025-10-25 14:36:14,082 - genaiStudio_app_database - INFO - Attempting to parse JSON request
2025-10-25 14:36:14,083 - genaiStudio_app_database - INFO - Request data: b'{"conversation_id":"8e2f16b6-a157-4308-b268-c856ba54e028","message":"Flipped"}'
2025-10-25 14:36:14,084 - genaiStudio_app_database - INFO - Request headers: {'Host': 'localhost:5000', 'Connection': 'keep-alive', 'Content-Length': '78', 'Sec-Ch-Ua-Platform': '"Windows"', 'User-Agent': 'Mozilla/5.0 (Windows NT 10.0; Win64; x64) AppleWebKit/537.36 (KHTML, like Gecko) Chrome/140.0.0.0 Safari/537.36 Norton/140.0.0.0', 'Sec-Ch-Ua': '"Chromium";v="140", "Not=A?Brand";v="24", "Norton Private Browser";v="140"', 'Dnt': '1', 'Content-Type': 'application/json', 'Sec-Ch-Ua-Mobile': '?0', 'Accept': '*/*', 'Origin': 'http://localhost:5000', 'Sec-Fetch-Site': 'same-origin', 'Sec-Fetch-Mode': 'cors', 'Sec-Fetch-Dest': 'empty', 'Referer': 'http://localhost:5000/', 'Accept-Encoding': 'gzip, deflate, br', 'Accept-Language': 'en,de;q=0.9', 'Cookie': 'session=eyJfcGVybWFuZW50Ijp0cnVlfQ.aP0Ylg.5s9apYqzwjbHEbhtIEaACUOppZo'}
2025-10-25 14:36:14,084 - genaiStudio_app_database - INFO - Parsed JSON data: {'conversation_id': '8e2f16b6-a157-4308-b268-c856ba54e028', 'message': 'Flipped'}
2025-10-25 14:36:14,085 - genaiStudio_app_database - INFO - JSON request - conversation_id: 8e2f16b6-a157-4308-b268-c856ba54e028, message: Flipped
2025-10-25 14:36:14,124 - genaiStudio_app_database - INFO - Sending 3 messages to API, total chars in last message: 7
2025-10-25 14:38:17,278 - genaiStudio_app_database - INFO - Chat request received - Content-Type: application/json
2025-10-25 14:38:17,279 - genaiStudio_app_database - INFO - Request method: POST
2025-10-25 14:38:17,280 - genaiStudio_app_database - INFO - Attempting to parse JSON request
2025-10-25 14:38:17,281 - genaiStudio_app_database - INFO - Request data: b'{"conversation_id":null,"message":"Hi! I need help with CDFs."}'
2025-10-25 14:38:17,282 - genaiStudio_app_database - INFO - Request headers: {'Host': 'localhost:5000', 'Connection': 'keep-alive', 'Content-Length': '63', 'Sec-Ch-Ua-Platform': '"Windows"', 'User-Agent': 'Mozilla/5.0 (Windows NT 10.0; Win64; x64) AppleWebKit/537.36 (KHTML, like Gecko) Chrome/140.0.0.0 Safari/537.36 Norton/140.0.0.0', 'Sec-Ch-Ua': '"Chromium";v="140", "Not=A?Brand";v="24", "Norton Private Browser";v="140"', 'Dnt': '1', 'Content-Type': 'application/json', 'Sec-Ch-Ua-Mobile': '?0', 'Accept': '*/*', 'Origin': 'http://localhost:5000', 'Sec-Fetch-Site': 'same-origin', 'Sec-Fetch-Mode': 'cors', 'Sec-Fetch-Dest': 'empty', 'Referer': 'http://localhost:5000/', 'Accept-Encoding': 'gzip, deflate, br', 'Accept-Language': 'en,de;q=0.9', 'Cookie': 'session=eyJfcGVybWFuZW50Ijp0cnVlfQ.aP0ZEg.eYziwRHULLaqSHfmq0OKOoyhl-o'}
2025-10-25 14:38:17,283 - genaiStudio_app_database - INFO - Parsed JSON data: {'conversation_id': None, 'message': 'Hi! I need help with CDFs.'}
2025-10-25 14:38:17,283 - genaiStudio_app_database - INFO - JSON request - conversation_id: None, message: Hi! I need help with CDFs.
2025-10-25 14:38:17,314 - genaiStudio_app_database - INFO - Created new conversation: 35f20abf-8f3d-4037-aac7-cb9da9f762fe
2025-10-25 14:38:17,341 - genaiStudio_app_database - INFO - Sending 1 messages to API, total chars in last message: 26
2025-10-25 14:38:25,982 - genaiStudio_app_database - INFO - Chat request received - Content-Type: application/json
2025-10-25 14:38:25,983 - genaiStudio_app_database - INFO - Request method: POST
2025-10-25 14:38:25,983 - genaiStudio_app_database - INFO - Attempting to parse JSON request
2025-10-25 14:38:25,984 - genaiStudio_app_database - INFO - Request data: b'{"conversation_id":"35f20abf-8f3d-4037-aac7-cb9da9f762fe","message":"Flipped"}'
2025-10-25 14:38:25,985 - genaiStudio_app_database - INFO - Request headers: {'Host': 'localhost:5000', 'Connection': 'keep-alive', 'Content-Length': '78', 'Sec-Ch-Ua-Platform': '"Windows"', 'User-Agent': 'Mozilla/5.0 (Windows NT 10.0; Win64; x64) AppleWebKit/537.36 (KHTML, like Gecko) Chrome/140.0.0.0 Safari/537.36 Norton/140.0.0.0', 'Sec-Ch-Ua': '"Chromium";v="140", "Not=A?Brand";v="24", "Norton Private Browser";v="140"', 'Dnt': '1', 'Content-Type': 'application/json', 'Sec-Ch-Ua-Mobile': '?0', 'Accept': '*/*', 'Origin': 'http://localhost:5000', 'Sec-Fetch-Site': 'same-origin', 'Sec-Fetch-Mode': 'cors', 'Sec-Fetch-Dest': 'empty', 'Referer': 'http://localhost:5000/', 'Accept-Encoding': 'gzip, deflate, br', 'Accept-Language': 'en,de;q=0.9', 'Cookie': 'session=eyJfcGVybWFuZW50Ijp0cnVlfQ.aP0ZHg.QL5WYheCQwRj_mwyvnGfldwjUEE'}
2025-10-25 14:38:25,986 - genaiStudio_app_database - INFO - Parsed JSON data: {'conversation_id': '35f20abf-8f3d-4037-aac7-cb9da9f762fe', 'message': 'Flipped'}
2025-10-25 14:38:25,986 - genaiStudio_app_database - INFO - JSON request - conversation_id: 35f20abf-8f3d-4037-aac7-cb9da9f762fe, message: Flipped
2025-10-25 14:38:26,023 - genaiStudio_app_database - INFO - Sending 3 messages to API, total chars in last message: 7
2025-10-25 14:41:20,554 - genaiStudio_app_database - INFO - ✅ API key is configured
2025-10-25 14:41:20,555 - genaiStudio_app_database - INFO - 📚 Course: STAT 350
2025-10-25 14:41:20,556 - genaiStudio_app_database - INFO - 🤖 Model: gpt-stat350
2025-10-25 14:41:20,556 - genaiStudio_app_database - INFO - 💾 Database: sqlite
2025-10-25 14:41:20,557 - genaiStudio_app_database - INFO - 📎 File upload: Enabled
2025-10-25 14:42:14,402 - genaiStudio_app_database - INFO - Chat request received - Content-Type: application/json
2025-10-25 14:42:14,405 - genaiStudio_app_database - INFO - Request method: POST
2025-10-25 14:42:14,408 - genaiStudio_app_database - INFO - Attempting to parse JSON request
2025-10-25 14:42:14,409 - genaiStudio_app_database - INFO - Request data: b'{"conversation_id":null,"message":"Please provide a table of the most important course links"}'
2025-10-25 14:42:14,412 - genaiStudio_app_database - INFO - Request headers: {'Host': 'localhost:5000', 'Connection': 'keep-alive', 'Content-Length': '94', 'Sec-Ch-Ua-Platform': '"Windows"', 'User-Agent': 'Mozilla/5.0 (Windows NT 10.0; Win64; x64) AppleWebKit/537.36 (KHTML, like Gecko) Chrome/140.0.0.0 Safari/537.36 Norton/140.0.0.0', 'Sec-Ch-Ua': '"Chromium";v="140", "Not=A?Brand";v="24", "Norton Private Browser";v="140"', 'Dnt': '1', 'Content-Type': 'application/json', 'Sec-Ch-Ua-Mobile': '?0', 'Accept': '*/*', 'Origin': 'http://localhost:5000', 'Sec-Fetch-Site': 'same-origin', 'Sec-Fetch-Mode': 'cors', 'Sec-Fetch-Dest': 'empty', 'Referer': 'http://localhost:5000/', 'Accept-Encoding': 'gzip, deflate, br', 'Accept-Language': 'en,de;q=0.9', 'Cookie': 'session=eyJfcGVybWFuZW50Ijp0cnVlfQ.aP0Z_g.TLt8VNqXUrtlUc8HQDfXmIzPKy0'}
2025-10-25 14:42:14,415 - genaiStudio_app_database - INFO - Parsed JSON data: {'conversation_id': None, 'message': 'Please provide a table of the most important course links'}
2025-10-25 14:42:14,417 - genaiStudio_app_database - INFO - JSON request - conversation_id: None, message: Please provide a table of the most important course links
2025-10-25 14:42:14,454 - genaiStudio_app_database - INFO - Created new conversation: fedd4a82-77ad-4cec-85d4-1201de499fc6
2025-10-25 14:42:14,482 - genaiStudio_app_database - INFO - Sending 1 messages to API, total chars in last message: 57
